<?xml version="1.0" encoding="UTF-8"?>
<testsuite xmlns:xsi="http://www.w3.org/2001/XMLSchema-instance" xsi:noNamespaceSchemaLocation="https://maven.apache.org/surefire/maven-surefire-plugin/xsd/surefire-test-report-3.0.xsd" version="3.0" name="runners.TestRunner" time="4.347" tests="12" errors="0" skipped="0" failures="0">
  <properties>
[...]
</properties>
  <testcase name="User can add, update and delete a pet #1" classname="Everything about your Pets" time="2.486">
    <system-out><![CDATA[
Scenario Outline: User can add, update and delete a pet # src/test/resources/functionalTests/pet.feature:53
  Given I add a new pet with the following body:        # stepDefinitions.petSteps.userAddNewPet(java.lang.String)
  Then pet is added with "200"                          # stepDefinitions.petSteps.successfulPetAddition(java.lang.String)
  When I update new pet with the following body         # stepDefinitions.petSteps.updatePet(java.lang.String)
  Then pet is update with "200"                         # stepDefinitions.petSteps.petIsUpdateWith(java.lang.String)
  When I delete pet by "10"                             # stepDefinitions.petSteps.deletePetById(java.lang.String)
  Then pet is deleted with "200"                        # stepDefinitions.petSteps.petIsDeletedWith(java.lang.String)
]]></system-out>
    <system-err><![CDATA[SLF4J: Failed to load class "org.slf4j.impl.StaticLoggerBinder".
SLF4J: Defaulting to no-operation (NOP) logger implementation
SLF4J: See http://www.slf4j.org/codes.html#StaticLoggerBinder for further details.
]]></system-err>
  </testcase>
  <testcase name="User can add, update and delete a pet #2" classname="Everything about your Pets" time="0.141">
    <system-out><![CDATA[
Scenario Outline: User can add, update and delete a pet # src/test/resources/functionalTests/pet.feature:54
  Given I add a new pet with the following body:        # stepDefinitions.petSteps.userAddNewPet(java.lang.String)
  Then pet is added with "200"                          # stepDefinitions.petSteps.successfulPetAddition(java.lang.String)
  When I update new pet with the following body         # stepDefinitions.petSteps.updatePet(java.lang.String)
  Then pet is update with "200"                         # stepDefinitions.petSteps.petIsUpdateWith(java.lang.String)
  When I delete pet by "11"                             # stepDefinitions.petSteps.deletePetById(java.lang.String)
  Then pet is deleted with "200"                        # stepDefinitions.petSteps.petIsDeletedWith(java.lang.String)
]]></system-out>
  </testcase>
  <testcase name="User send bad request and cannot add, update and delete a pet #1" classname="Everything about your Pets" time="0.115">
    <system-out><![CDATA[
Scenario Outline: User send bad request and cannot add, update and delete a pet # src/test/resources/functionalTests/pet.feature:106
  Given I add a new pet with the following body:                                # stepDefinitions.petSteps.userAddNewPet(java.lang.String)
  Then pet is added with "400"                                                  # stepDefinitions.petSteps.successfulPetAddition(java.lang.String)
  When I update new pet with the following body                                 # stepDefinitions.petSteps.updatePet(java.lang.String)
  Then pet is update with "400"                                                 # stepDefinitions.petSteps.petIsUpdateWith(java.lang.String)
  When I delete pet by "T"                                                      # stepDefinitions.petSteps.deletePetById(java.lang.String)
  Then pet is deleted with "400"                                                # stepDefinitions.petSteps.petIsDeletedWith(java.lang.String)
]]></system-out>
  </testcase>
  <testcase name="User send bad request and cannot add, update and delete a pet #2" classname="Everything about your Pets" time="0.102">
    <system-out><![CDATA[
Scenario Outline: User send bad request and cannot add, update and delete a pet # src/test/resources/functionalTests/pet.feature:107
  Given I add a new pet with the following body:                                # stepDefinitions.petSteps.userAddNewPet(java.lang.String)
  Then pet is added with "400"                                                  # stepDefinitions.petSteps.successfulPetAddition(java.lang.String)
  When I update new pet with the following body                                 # stepDefinitions.petSteps.updatePet(java.lang.String)
  Then pet is update with "400"                                                 # stepDefinitions.petSteps.petIsUpdateWith(java.lang.String)
  When I delete pet by "G"                                                      # stepDefinitions.petSteps.deletePetById(java.lang.String)
  Then pet is deleted with "400"                                                # stepDefinitions.petSteps.petIsDeletedWith(java.lang.String)
]]></system-out>
  </testcase>
  <testcase name="User can place an order, find and delete purchase order #1" classname="Access to Petstore orders" time="0.12">
    <system-out><![CDATA[
Scenario Outline: User can place an order, find and delete purchase order # src/test/resources/functionalTests/store.feature:23
  Given I place an order with the following body:                         # stepDefinitions.storeSteps.userAddNewPet(java.lang.String)
  Then order is placed with "200"                                         # stepDefinitions.storeSteps.orderIsPlacedWith(java.lang.String)
  When I find purchase order by "10"                                      # stepDefinitions.storeSteps.findPurchaseOrderById(java.lang.String)
  Then order is found with "200"                                          # stepDefinitions.storeSteps.orderIsFoundWith(java.lang.String)
  When I delete purchase order by "10"                                    # stepDefinitions.storeSteps.deletePurchaseOrderById(java.lang.String)
  Then order is deleted with "200"                                        # stepDefinitions.storeSteps.orderIsDeletedWith(java.lang.String)
]]></system-out>
  </testcase>
  <testcase name="User can place an order, find and delete purchase order #2" classname="Access to Petstore orders" time="0.092">
    <system-out><![CDATA[
Scenario Outline: User can place an order, find and delete purchase order # src/test/resources/functionalTests/store.feature:24
  Given I place an order with the following body:                         # stepDefinitions.storeSteps.userAddNewPet(java.lang.String)
  Then order is placed with "200"                                         # stepDefinitions.storeSteps.orderIsPlacedWith(java.lang.String)
  When I find purchase order by "11"                                      # stepDefinitions.storeSteps.findPurchaseOrderById(java.lang.String)
  Then order is found with "200"                                          # stepDefinitions.storeSteps.orderIsFoundWith(java.lang.String)
  When I delete purchase order by "11"                                    # stepDefinitions.storeSteps.deletePurchaseOrderById(java.lang.String)
  Then order is deleted with "200"                                        # stepDefinitions.storeSteps.orderIsDeletedWith(java.lang.String)
]]></system-out>
  </testcase>
  <testcase name="User send bad request and cannot place an order, find and delete purchase order #1" classname="Access to Petstore orders" time="0.078">
    <system-out><![CDATA[
Scenario Outline: User send bad request and cannot place an order, find and delete purchase order # src/test/resources/functionalTests/store.feature:46
  Given I place an order with the following body:                                                 # stepDefinitions.storeSteps.userAddNewPet(java.lang.String)
  Then order is placed with "400"                                                                 # stepDefinitions.storeSteps.orderIsPlacedWith(java.lang.String)
  When I find purchase order by "T"                                                               # stepDefinitions.storeSteps.findPurchaseOrderById(java.lang.String)
  Then order is found with "400"                                                                  # stepDefinitions.storeSteps.orderIsFoundWith(java.lang.String)
  When I delete purchase order by "T"                                                             # stepDefinitions.storeSteps.deletePurchaseOrderById(java.lang.String)
  Then order is deleted with "400"                                                                # stepDefinitions.storeSteps.orderIsDeletedWith(java.lang.String)
]]></system-out>
  </testcase>
  <testcase name="User send bad request and cannot place an order, find and delete purchase order #2" classname="Access to Petstore orders" time="0.172">
    <system-out><![CDATA[
Scenario Outline: User send bad request and cannot place an order, find and delete purchase order # src/test/resources/functionalTests/store.feature:47
  Given I place an order with the following body:                                                 # stepDefinitions.storeSteps.userAddNewPet(java.lang.String)
  Then order is placed with "400"                                                                 # stepDefinitions.storeSteps.orderIsPlacedWith(java.lang.String)
  When I find purchase order by "G"                                                               # stepDefinitions.storeSteps.findPurchaseOrderById(java.lang.String)
  Then order is found with "400"                                                                  # stepDefinitions.storeSteps.orderIsFoundWith(java.lang.String)
  When I delete purchase order by "G"                                                             # stepDefinitions.storeSteps.deletePurchaseOrderById(java.lang.String)
  Then order is deleted with "400"                                                                # stepDefinitions.storeSteps.orderIsDeletedWith(java.lang.String)
]]></system-out>
  </testcase>
  <testcase name="User can create, update and delete an user #1" classname="Operations about user" time="0.103">
    <system-out><![CDATA[
Scenario Outline: User can create, update and delete an user # src/test/resources/functionalTests/user.feature:37
  Given I create a new user with the following body:         # stepDefinitions.userSteps.createUser(java.lang.String)
  Then user is created with "200"                            # stepDefinitions.userSteps.userIsCreatedWith(java.lang.String)
  When I updated user by "theUser" with the following body:  # stepDefinitions.userSteps.updateUser(java.lang.String,java.lang.String)
  Then user is updated with "200"                            # stepDefinitions.userSteps.userIsUpdatedWith(java.lang.String)
  When I delete user by "theUser"                            # stepDefinitions.userSteps.deleteUser(java.lang.String)
  Then user is deleted with "200"                            # stepDefinitions.userSteps.userIsDeletedWith(java.lang.String)
]]></system-out>
  </testcase>
  <testcase name="User can create, update and delete an user #2" classname="Operations about user" time="0.067">
    <system-out><![CDATA[
Scenario Outline: User can create, update and delete an user # src/test/resources/functionalTests/user.feature:38
  Given I create a new user with the following body:         # stepDefinitions.userSteps.createUser(java.lang.String)
  Then user is created with "200"                            # stepDefinitions.userSteps.userIsCreatedWith(java.lang.String)
  When I updated user by "theUser1" with the following body: # stepDefinitions.userSteps.updateUser(java.lang.String,java.lang.String)
  Then user is updated with "200"                            # stepDefinitions.userSteps.userIsUpdatedWith(java.lang.String)
  When I delete user by "theUser1"                           # stepDefinitions.userSteps.deleteUser(java.lang.String)
  Then user is deleted with "200"                            # stepDefinitions.userSteps.userIsDeletedWith(java.lang.String)
]]></system-out>
  </testcase>
  <testcase name="User send bad request and cannot create, update and delete an user #1" classname="Operations about user" time="0.106">
    <system-out><![CDATA[
Scenario Outline: User send bad request and cannot create, update and delete an user # src/test/resources/functionalTests/user.feature:72
  Given I create a new user with the following body:                                 # stepDefinitions.userSteps.createUser(java.lang.String)
  Then user is created with "400"                                                    # stepDefinitions.userSteps.userIsCreatedWith(java.lang.String)
  When I updated user by "theUser" with the following body:                          # stepDefinitions.userSteps.updateUser(java.lang.String,java.lang.String)
  Then user is updated with "400"                                                    # stepDefinitions.userSteps.userIsUpdatedWith(java.lang.String)
]]></system-out>
  </testcase>
  <testcase name="User send bad request and cannot create, update and delete an user #2" classname="Operations about user" time="0.05">
    <system-out><![CDATA[
Scenario Outline: User send bad request and cannot create, update and delete an user # src/test/resources/functionalTests/user.feature:73
  Given I create a new user with the following body:                                 # stepDefinitions.userSteps.createUser(java.lang.String)
  Then user is created with "400"                                                    # stepDefinitions.userSteps.userIsCreatedWith(java.lang.String)
  When I updated user by "theUser1" with the following body:                         # stepDefinitions.userSteps.updateUser(java.lang.String,java.lang.String)
  Then user is updated with "400"                                                    # stepDefinitions.userSteps.userIsUpdatedWith(java.lang.String)
]]></system-out>
  </testcase>
</testsuite>